<?xml version="1.0" encoding="UTF-8"?>
<testng-results ignored="0" total="2" passed="2" failed="0" skipped="0">
  <reporter-output>
  </reporter-output>
  <suite started-at="2020-08-27T16:26:35 IST" name="Suite1" finished-at="2020-08-27T16:28:50 IST" duration-ms="134975">
    <groups>
    </groups>
    <test started-at="2020-08-27T16:26:35 IST" name="Test1" finished-at="2020-08-27T16:28:50 IST" duration-ms="134975">
      <class name="TestScript.Myntra_TestCases">
        <test-method is-config="true" signature="driversetUp(java.lang.String, java.lang.String, java.lang.String, java.lang.String, java.lang.String)[pri:0, instance:TestScript.Myntra_TestCases@4dc27487]" started-at="2020-08-27T16:26:35 IST" name="driversetUp" finished-at="2020-08-27T16:26:56 IST" duration-ms="20631" status="PASS">
          <params>
            <param index="0">
              <value>
                <![CDATA[Galaxy C9 Pro]]>
              </value>
            </param>
            <param index="1">
              <value>
                <![CDATA[8.0.0]]>
              </value>
            </param>
            <param index="2">
              <value>
                <![CDATA[Android]]>
              </value>
            </param>
            <param index="3">
              <value>
                <![CDATA[com.myntra.android]]>
              </value>
            </param>
            <param index="4">
              <value>
                <![CDATA[com.myntra.android.SplashActivity]]>
              </value>
            </param>
          </params>
          <reporter-output>
          </reporter-output>
        </test-method> <!-- driversetUp -->
        <test-method signature="tc001_Login()[pri:0, instance:TestScript.Myntra_TestCases@4dc27487]" started-at="2020-08-27T16:26:56 IST" name="tc001_Login" finished-at="2020-08-27T16:27:43 IST" duration-ms="46959" status="PASS">
          <reporter-output>
          </reporter-output>
        </test-method> <!-- tc001_Login -->
        <test-method is-config="true" signature="listenerResultFlow_driverTearDown(org.testng.ITestResult)[pri:0, instance:TestScript.Myntra_TestCases@4dc27487]" started-at="2020-08-27T16:27:43 IST" name="listenerResultFlow_driverTearDown" finished-at="2020-08-27T16:27:44 IST" duration-ms="1559" status="PASS">
          <params>
            <param index="0">
              <value>
                <![CDATA[[TestResult name=tc001_Login status=SUCCESS method=Myntra_TestCases.tc001_Login()[pri:0, instance:TestScript.Myntra_TestCases@4dc27487] output={null}]]]>
              </value>
            </param>
          </params>
          <reporter-output>
          </reporter-output>
        </test-method> <!-- listenerResultFlow_driverTearDown -->
        <test-method signature="tc002_ChooseProduct()[pri:1, instance:TestScript.Myntra_TestCases@4dc27487]" started-at="2020-08-27T16:27:44 IST" name="tc002_ChooseProduct" finished-at="2020-08-27T16:28:46 IST" duration-ms="62191" status="PASS">
          <reporter-output>
          </reporter-output>
        </test-method> <!-- tc002_ChooseProduct -->
        <test-method is-config="true" signature="listenerResultFlow_driverTearDown(org.testng.ITestResult)[pri:0, instance:TestScript.Myntra_TestCases@4dc27487]" started-at="2020-08-27T16:28:46 IST" name="listenerResultFlow_driverTearDown" finished-at="2020-08-27T16:28:48 IST" duration-ms="1453" status="PASS">
          <params>
            <param index="0">
              <value>
                <![CDATA[[TestResult name=tc002_ChooseProduct status=SUCCESS method=Myntra_TestCases.tc002_ChooseProduct()[pri:1, instance:TestScript.Myntra_TestCases@4dc27487] output={null}]]]>
              </value>
            </param>
          </params>
          <reporter-output>
          </reporter-output>
        </test-method> <!-- listenerResultFlow_driverTearDown -->
        <test-method is-config="true" signature="quit()[pri:0, instance:TestScript.Myntra_TestCases@4dc27487]" started-at="2020-08-27T16:28:48 IST" name="quit" finished-at="2020-08-27T16:28:50 IST" duration-ms="2114" status="PASS">
          <reporter-output>
          </reporter-output>
        </test-method> <!-- quit -->
      </class> <!-- TestScript.Myntra_TestCases -->
    </test> <!-- Test1 -->
  </suite> <!-- Suite1 -->
</testng-results>
